<?xml version="1.0" encoding="UTF-8"?>
<testsuite name="uTest" tests="1" skipped="0" failures="0" errors="0" timestamp="2022-04-10T01:18:41" hostname="DANYSD" time="32.085">
  <properties/>
  <testcase name="Register in the uTest platform" classname="uTest" time="32.085"/>
  <system-out><![CDATA[]]></system-out>
  <system-err><![CDATA[[Test worker] WARN net.thucydides.core.steps.BaseStepListener - stepStarted: net.thucydides.core.steps.ExecutedStepDescription@3a313d8f
[Test worker] WARN net.thucydides.core.steps.BaseStepListener - stepStarted: net.thucydides.core.steps.ExecutedStepDescription@3cb9c54a
[Test worker] WARN net.thucydides.core.steps.BaseStepListener - stepStarted: net.thucydides.core.steps.ExecutedStepDescription@449f17da
abr 09, 2022 8:18:42 PM org.openqa.selenium.remote.DesiredCapabilities chrome
INFORMACIÓN: Using `new ChromeOptions()` is preferred to `DesiredCapabilities.chrome()`
[Test worker] INFO net.serenitybdd.core.webdriver.driverproviders.ProvideNewDriver - Instantiating driver
[Test worker] INFO net.serenitybdd.core.webdriver.driverproviders.ProvideNewDriver - Driver capabilities: Capabilities {acceptInsecureCerts: false, browserName: chrome, chrome.switches: --start-maximized, goog:chromeOptions: {args: [--start-maximized], extensions: []}, loggingPrefs: org.openqa.selenium.logging..., platform: ANY, version: }
Starting ChromeDriver 100.0.4896.60 (6a5d10861ce8de5fce22564658033b43cb7de047-refs/branch-heads/4896@{#875}) on port 3008
Only local connections are allowed.
Please see https://chromedriver.chromium.org/security-considerations for suggestions on keeping ChromeDriver safe.
ChromeDriver was started successfully.
abr 09, 2022 8:18:44 PM org.openqa.selenium.remote.ProtocolHandshake createSession
INFORMACIÓN: Detected dialect: W3C
[Test worker] WARN net.thucydides.core.steps.BaseStepListener - stepFinished: current outcome:Register in the uTest platform:Given than Daniel want to know the sities uTest [Daniel open up [Daniel opens the User testmy page]]
[Test worker] WARN net.thucydides.core.steps.BaseStepListener - stepFinished: current outcome:Register in the uTest platform:Given than Daniel want to know the sities uTest [Daniel open up [Daniel opens the User testmy page]]
[Test worker] WARN net.thucydides.core.steps.BaseStepListener - stepFinished: current outcome:Register in the uTest platform:Given than Daniel want to know the sities uTest [Daniel open up [Daniel opens the User testmy page]]
[Test worker] WARN net.thucydides.core.steps.BaseStepListener - stepStarted: net.thucydides.core.steps.ExecutedStepDescription@535277e6
[Test worker] WARN net.thucydides.core.steps.BaseStepListener - stepStarted: net.thucydides.core.steps.ExecutedStepDescription@631beb6d
[Test worker] WARN net.thucydides.core.steps.BaseStepListener - stepStarted: net.thucydides.core.steps.ExecutedStepDescription@419d150b
[Test worker] WARN net.thucydides.core.steps.BaseStepListener - stepFinished: current outcome:Register in the uTest platform:Given than Daniel want to know the sities uTest [Daniel open up [Daniel opens the User testmy page]], When entering the data from the uTest registration form
| first_name | last_name | email_address | month_birth | day_birth | year_birth | city | postal_code | country | your_computer | version | language | your_mobile_device | model | operating_system | password | password_confirmation |
| daniel | giraldo | daniel@utest.com | July | 28 | 1991 | Medellín | 110111 | Colombia | Windows | Windows 10 | Spanish | Huawei | Mate 9 Pro | Android 9.0 (Pie) | Daniel.giraldo180 | Daniel.giraldo180 | [Daniel form user [Daniel clicks on BTN JOIN]]
[Test worker] WARN net.thucydides.core.steps.BaseStepListener - stepStarted: net.thucydides.core.steps.ExecutedStepDescription@39918ccf
[Test worker] WARN net.thucydides.core.steps.BaseStepListener - stepFinished: current outcome:Register in the uTest platform:Given than Daniel want to know the sities uTest [Daniel open up [Daniel opens the User testmy page]], When entering the data from the uTest registration form
| first_name | last_name | email_address | month_birth | day_birth | year_birth | city | postal_code | country | your_computer | version | language | your_mobile_device | model | operating_system | password | password_confirmation |
| daniel | giraldo | daniel@utest.com | July | 28 | 1991 | Medellín | 110111 | Colombia | Windows | Windows 10 | Spanish | Huawei | Mate 9 Pro | Android 9.0 (Pie) | Daniel.giraldo180 | Daniel.giraldo180 | [Daniel form user [Daniel clicks on BTN JOIN, Daniel enters 'daniel' into where do we write the first-name]]
[Test worker] WARN net.thucydides.core.steps.BaseStepListener - stepStarted: net.thucydides.core.steps.ExecutedStepDescription@1f9133b0
[Test worker] WARN net.thucydides.core.steps.BaseStepListener - stepFinished: current outcome:Register in the uTest platform:Given than Daniel want to know the sities uTest [Daniel open up [Daniel opens the User testmy page]], When entering the data from the uTest registration form
| first_name | last_name | email_address | month_birth | day_birth | year_birth | city | postal_code | country | your_computer | version | language | your_mobile_device | model | operating_system | password | password_confirmation |
| daniel | giraldo | daniel@utest.com | July | 28 | 1991 | Medellín | 110111 | Colombia | Windows | Windows 10 | Spanish | Huawei | Mate 9 Pro | Android 9.0 (Pie) | Daniel.giraldo180 | Daniel.giraldo180 | [Daniel form user [Daniel clicks on BTN JOIN, Daniel enters 'daniel' into where do we write the first-name, Daniel enters 'giraldo' into where do we write the last-name]]
[Test worker] WARN net.thucydides.core.steps.BaseStepListener - stepStarted: net.thucydides.core.steps.ExecutedStepDescription@c190b11
[Test worker] WARN net.thucydides.core.steps.BaseStepListener - stepFinished: current outcome:Register in the uTest platform:Given than Daniel want to know the sities uTest [Daniel open up [Daniel opens the User testmy page]], When entering the data from the uTest registration form
| first_name | last_name | email_address | month_birth | day_birth | year_birth | city | postal_code | country | your_computer | version | language | your_mobile_device | model | operating_system | password | password_confirmation |
| daniel | giraldo | daniel@utest.com | July | 28 | 1991 | Medellín | 110111 | Colombia | Windows | Windows 10 | Spanish | Huawei | Mate 9 Pro | Android 9.0 (Pie) | Daniel.giraldo180 | Daniel.giraldo180 | [Daniel form user [Daniel clicks on BTN JOIN, Daniel enters 'daniel' into where do we write the first-name, Daniel enters 'giraldo' into where do we write the last-name, Daniel enters 'daniel@utest.com' into where do we write the email-address]]
[Test worker] WARN net.thucydides.core.steps.BaseStepListener - stepStarted: net.thucydides.core.steps.ExecutedStepDescription@122ce8b9
[Test worker] WARN net.thucydides.core.steps.BaseStepListener - stepFinished: current outcome:Register in the uTest platform:Given than Daniel want to know the sities uTest [Daniel open up [Daniel opens the User testmy page]], When entering the data from the uTest registration form
| first_name | last_name | email_address | month_birth | day_birth | year_birth | city | postal_code | country | your_computer | version | language | your_mobile_device | model | operating_system | password | password_confirmation |
| daniel | giraldo | daniel@utest.com | July | 28 | 1991 | Medellín | 110111 | Colombia | Windows | Windows 10 | Spanish | Huawei | Mate 9 Pro | Android 9.0 (Pie) | Daniel.giraldo180 | Daniel.giraldo180 | [Daniel form user [Daniel clicks on BTN JOIN, Daniel enters 'daniel' into where do we write the first-name, Daniel enters 'giraldo' into where do we write the last-name, Daniel enters 'daniel@utest.com' into where do we write the email-address, Daniel select July on where do we write the month-birth]]
[Test worker] WARN net.thucydides.core.steps.BaseStepListener - stepStarted: net.thucydides.core.steps.ExecutedStepDescription@227d0c2d
[Test worker] WARN net.thucydides.core.steps.BaseStepListener - stepFinished: current outcome:Register in the uTest platform:Given than Daniel want to know the sities uTest [Daniel open up [Daniel opens the User testmy page]], When entering the data from the uTest registration form
| first_name | last_name | email_address | month_birth | day_birth | year_birth | city | postal_code | country | your_computer | version | language | your_mobile_device | model | operating_system | password | password_confirmation |
| daniel | giraldo | daniel@utest.com | July | 28 | 1991 | Medellín | 110111 | Colombia | Windows | Windows 10 | Spanish | Huawei | Mate 9 Pro | Android 9.0 (Pie) | Daniel.giraldo180 | Daniel.giraldo180 | [Daniel form user [Daniel clicks on BTN JOIN, Daniel enters 'daniel' into where do we write the first-name, Daniel enters 'giraldo' into where do we write the last-name, Daniel enters 'daniel@utest.com' into where do we write the email-address, Daniel select July on where do we write the month-birth, Daniel select 28 on where do we write the day-birth]]
[Test worker] WARN net.thucydides.core.steps.BaseStepListener - stepStarted: net.thucydides.core.steps.ExecutedStepDescription@b82ad5c
[Test worker] WARN net.thucydides.core.steps.BaseStepListener - stepFinished: current outcome:Register in the uTest platform:Given than Daniel want to know the sities uTest [Daniel open up [Daniel opens the User testmy page]], When entering the data from the uTest registration form
| first_name | last_name | email_address | month_birth | day_birth | year_birth | city | postal_code | country | your_computer | version | language | your_mobile_device | model | operating_system | password | password_confirmation |
| daniel | giraldo | daniel@utest.com | July | 28 | 1991 | Medellín | 110111 | Colombia | Windows | Windows 10 | Spanish | Huawei | Mate 9 Pro | Android 9.0 (Pie) | Daniel.giraldo180 | Daniel.giraldo180 | [Daniel form user [Daniel clicks on BTN JOIN, Daniel enters 'daniel' into where do we write the first-name, Daniel enters 'giraldo' into where do we write the last-name, Daniel enters 'daniel@utest.com' into where do we write the email-address, Daniel select July on where do we write the month-birth, Daniel select 28 on where do we write the day-birth, Daniel select 1991 on where do we write the year of birth]]
[Test worker] WARN net.thucydides.core.steps.BaseStepListener - stepStarted: net.thucydides.core.steps.ExecutedStepDescription@67fa889f
[Test worker] WARN net.thucydides.core.steps.BaseStepListener - stepFinished: current outcome:Register in the uTest platform:Given than Daniel want to know the sities uTest [Daniel open up [Daniel opens the User testmy page]], When entering the data from the uTest registration form
| first_name | last_name | email_address | month_birth | day_birth | year_birth | city | postal_code | country | your_computer | version | language | your_mobile_device | model | operating_system | password | password_confirmation |
| daniel | giraldo | daniel@utest.com | July | 28 | 1991 | Medellín | 110111 | Colombia | Windows | Windows 10 | Spanish | Huawei | Mate 9 Pro | Android 9.0 (Pie) | Daniel.giraldo180 | Daniel.giraldo180 | [Daniel form user [Daniel clicks on BTN JOIN, Daniel enters 'daniel' into where do we write the first-name, Daniel enters 'giraldo' into where do we write the last-name, Daniel enters 'daniel@utest.com' into where do we write the email-address, Daniel select July on where do we write the month-birth, Daniel select 28 on where do we write the day-birth, Daniel select 1991 on where do we write the year of birth, Daniel clicks on button Next Location]]
[Test worker] WARN net.thucydides.core.steps.BaseStepListener - stepStarted: net.thucydides.core.steps.ExecutedStepDescription@3e19e27e
[Test worker] WARN net.thucydides.core.steps.BaseStepListener - stepFinished: current outcome:Register in the uTest platform:Given than Daniel want to know the sities uTest [Daniel open up [Daniel opens the User testmy page]], When entering the data from the uTest registration form
| first_name | last_name | email_address | month_birth | day_birth | year_birth | city | postal_code | country | your_computer | version | language | your_mobile_device | model | operating_system | password | password_confirmation |
| daniel | giraldo | daniel@utest.com | July | 28 | 1991 | Medellín | 110111 | Colombia | Windows | Windows 10 | Spanish | Huawei | Mate 9 Pro | Android 9.0 (Pie) | Daniel.giraldo180 | Daniel.giraldo180 | [Daniel form user [Daniel clicks on BTN JOIN, Daniel enters 'daniel' into where do we write the first-name, Daniel enters 'giraldo' into where do we write the last-name, Daniel enters 'daniel@utest.com' into where do we write the email-address, Daniel select July on where do we write the month-birth, Daniel select 28 on where do we write the day-birth, Daniel select 1991 on where do we write the year of birth, Daniel clicks on button Next Location, Daniel enters 'Medellín' into where do we write the city]]
[Test worker] WARN net.thucydides.core.steps.BaseStepListener - stepStarted: net.thucydides.core.steps.ExecutedStepDescription@55bc0f59
[Test worker] WARN net.thucydides.core.steps.BaseStepListener - stepFinished: current outcome:Register in the uTest platform:Given than Daniel want to know the sities uTest [Daniel open up [Daniel opens the User testmy page]], When entering the data from the uTest registration form
| first_name | last_name | email_address | month_birth | day_birth | year_birth | city | postal_code | country | your_computer | version | language | your_mobile_device | model | operating_system | password | password_confirmation |
| daniel | giraldo | daniel@utest.com | July | 28 | 1991 | Medellín | 110111 | Colombia | Windows | Windows 10 | Spanish | Huawei | Mate 9 Pro | Android 9.0 (Pie) | Daniel.giraldo180 | Daniel.giraldo180 | [Daniel form user [Daniel clicks on BTN JOIN, Daniel enters 'daniel' into where do we write the first-name, Daniel enters 'giraldo' into where do we write the last-name, Daniel enters 'daniel@utest.com' into where do we write the email-address, Daniel select July on where do we write the month-birth, Daniel select 28 on where do we write the day-birth, Daniel select 1991 on where do we write the year of birth, Daniel clicks on button Next Location, Daniel enters 'Medellín' into where do we write the city, Daniel types 'ARROW_DOWN' in where do we write the city]]
[Test worker] WARN net.thucydides.core.steps.BaseStepListener - stepStarted: net.thucydides.core.steps.ExecutedStepDescription@67169d98
[Test worker] WARN net.thucydides.core.steps.BaseStepListener - stepFinished: current outcome:Register in the uTest platform:Given than Daniel want to know the sities uTest [Daniel open up [Daniel opens the User testmy page]], When entering the data from the uTest registration form
| first_name | last_name | email_address | month_birth | day_birth | year_birth | city | postal_code | country | your_computer | version | language | your_mobile_device | model | operating_system | password | password_confirmation |
| daniel | giraldo | daniel@utest.com | July | 28 | 1991 | Medellín | 110111 | Colombia | Windows | Windows 10 | Spanish | Huawei | Mate 9 Pro | Android 9.0 (Pie) | Daniel.giraldo180 | Daniel.giraldo180 | [Daniel form user [Daniel clicks on BTN JOIN, Daniel enters 'daniel' into where do we write the first-name, Daniel enters 'giraldo' into where do we write the last-name, Daniel enters 'daniel@utest.com' into where do we write the email-address, Daniel select July on where do we write the month-birth, Daniel select 28 on where do we write the day-birth, Daniel select 1991 on where do we write the year of birth, Daniel clicks on button Next Location, Daniel enters 'Medellín' into where do we write the city, Daniel types 'ARROW_DOWN' in where do we write the city, Daniel types 'ENTER' in where do we write the city]]
[Test worker] WARN net.thucydides.core.steps.BaseStepListener - stepStarted: net.thucydides.core.steps.ExecutedStepDescription@7f599309
[Test worker] WARN net.thucydides.core.steps.BaseStepListener - stepFinished: current outcome:Register in the uTest platform:Given than Daniel want to know the sities uTest [Daniel open up [Daniel opens the User testmy page]], When entering the data from the uTest registration form
| first_name | last_name | email_address | month_birth | day_birth | year_birth | city | postal_code | country | your_computer | version | language | your_mobile_device | model | operating_system | password | password_confirmation |
| daniel | giraldo | daniel@utest.com | July | 28 | 1991 | Medellín | 110111 | Colombia | Windows | Windows 10 | Spanish | Huawei | Mate 9 Pro | Android 9.0 (Pie) | Daniel.giraldo180 | Daniel.giraldo180 | [Daniel form user [Daniel clicks on BTN JOIN, Daniel enters 'daniel' into where do we write the first-name, Daniel enters 'giraldo' into where do we write the last-name, Daniel enters 'daniel@utest.com' into where do we write the email-address, Daniel select July on where do we write the month-birth, Daniel select 28 on where do we write the day-birth, Daniel select 1991 on where do we write the year of birth, Daniel clicks on button Next Location, Daniel enters 'Medellín' into where do we write the city, Daniel types 'ARROW_DOWN' in where do we write the city, Daniel types 'ENTER' in where do we write the city, Daniel enters '110111' into where do we write the postal-code]]
[Test worker] WARN net.thucydides.core.steps.BaseStepListener - stepStarted: net.thucydides.core.steps.ExecutedStepDescription@f2f8d08
[Test worker] WARN net.thucydides.core.steps.BaseStepListener - stepFinished: current outcome:Register in the uTest platform:Given than Daniel want to know the sities uTest [Daniel open up [Daniel opens the User testmy page]], When entering the data from the uTest registration form
| first_name | last_name | email_address | month_birth | day_birth | year_birth | city | postal_code | country | your_computer | version | language | your_mobile_device | model | operating_system | password | password_confirmation |
| daniel | giraldo | daniel@utest.com | July | 28 | 1991 | Medellín | 110111 | Colombia | Windows | Windows 10 | Spanish | Huawei | Mate 9 Pro | Android 9.0 (Pie) | Daniel.giraldo180 | Daniel.giraldo180 | [Daniel form user [Daniel clicks on BTN JOIN, Daniel enters 'daniel' into where do we write the first-name, Daniel enters 'giraldo' into where do we write the last-name, Daniel enters 'daniel@utest.com' into where do we write the email-address, Daniel select July on where do we write the month-birth, Daniel select 28 on where do we write the day-birth, Daniel select 1991 on where do we write the year of birth, Daniel clicks on button Next Location, Daniel enters 'Medellín' into where do we write the city, Daniel types 'ARROW_DOWN' in where do we write the city, Daniel types 'ENTER' in where do we write the city, Daniel enters '110111' into where do we write the postal-code, Daniel clicks on where do we write the country container]]
[Test worker] WARN net.thucydides.core.steps.BaseStepListener - stepStarted: net.thucydides.core.steps.ExecutedStepDescription@4c5de72b
[Test worker] WARN net.thucydides.core.steps.BaseStepListener - stepFinished: current outcome:Register in the uTest platform:Given than Daniel want to know the sities uTest [Daniel open up [Daniel opens the User testmy page]], When entering the data from the uTest registration form
| first_name | last_name | email_address | month_birth | day_birth | year_birth | city | postal_code | country | your_computer | version | language | your_mobile_device | model | operating_system | password | password_confirmation |
| daniel | giraldo | daniel@utest.com | July | 28 | 1991 | Medellín | 110111 | Colombia | Windows | Windows 10 | Spanish | Huawei | Mate 9 Pro | Android 9.0 (Pie) | Daniel.giraldo180 | Daniel.giraldo180 | [Daniel form user [Daniel clicks on BTN JOIN, Daniel enters 'daniel' into where do we write the first-name, Daniel enters 'giraldo' into where do we write the last-name, Daniel enters 'daniel@utest.com' into where do we write the email-address, Daniel select July on where do we write the month-birth, Daniel select 28 on where do we write the day-birth, Daniel select 1991 on where do we write the year of birth, Daniel clicks on button Next Location, Daniel enters 'Medellín' into where do we write the city, Daniel types 'ARROW_DOWN' in where do we write the city, Daniel types 'ENTER' in where do we write the city, Daniel enters '110111' into where do we write the postal-code, Daniel clicks on where do we write the country container, Daniel enters 'Colombia' into where do we write the country]]
[Test worker] WARN net.thucydides.core.steps.BaseStepListener - stepStarted: net.thucydides.core.steps.ExecutedStepDescription@4cf79fe5
[Test worker] WARN net.thucydides.core.steps.BaseStepListener - stepFinished: current outcome:Register in the uTest platform:Given than Daniel want to know the sities uTest [Daniel open up [Daniel opens the User testmy page]], When entering the data from the uTest registration form
| first_name | last_name | email_address | month_birth | day_birth | year_birth | city | postal_code | country | your_computer | version | language | your_mobile_device | model | operating_system | password | password_confirmation |
| daniel | giraldo | daniel@utest.com | July | 28 | 1991 | Medellín | 110111 | Colombia | Windows | Windows 10 | Spanish | Huawei | Mate 9 Pro | Android 9.0 (Pie) | Daniel.giraldo180 | Daniel.giraldo180 | [Daniel form user [Daniel clicks on BTN JOIN, Daniel enters 'daniel' into where do we write the first-name, Daniel enters 'giraldo' into where do we write the last-name, Daniel enters 'daniel@utest.com' into where do we write the email-address, Daniel select July on where do we write the month-birth, Daniel select 28 on where do we write the day-birth, Daniel select 1991 on where do we write the year of birth, Daniel clicks on button Next Location, Daniel enters 'Medellín' into where do we write the city, Daniel types 'ARROW_DOWN' in where do we write the city, Daniel types 'ENTER' in where do we write the city, Daniel enters '110111' into where do we write the postal-code, Daniel clicks on where do we write the country container, Daniel enters 'Colombia' into where do we write the country, Daniel clicks on button Next Location]]
[Test worker] WARN net.thucydides.core.steps.BaseStepListener - stepStarted: net.thucydides.core.steps.ExecutedStepDescription@6e710a1c
[Test worker] WARN net.thucydides.core.steps.BaseStepListener - stepFinished: current outcome:Register in the uTest platform:Given than Daniel want to know the sities uTest [Daniel open up [Daniel opens the User testmy page]], When entering the data from the uTest registration form
| first_name | last_name | email_address | month_birth | day_birth | year_birth | city | postal_code | country | your_computer | version | language | your_mobile_device | model | operating_system | password | password_confirmation |
| daniel | giraldo | daniel@utest.com | July | 28 | 1991 | Medellín | 110111 | Colombia | Windows | Windows 10 | Spanish | Huawei | Mate 9 Pro | Android 9.0 (Pie) | Daniel.giraldo180 | Daniel.giraldo180 | [Daniel form user [Daniel clicks on BTN JOIN, Daniel enters 'daniel' into where do we write the first-name, Daniel enters 'giraldo' into where do we write the last-name, Daniel enters 'daniel@utest.com' into where do we write the email-address, Daniel select July on where do we write the month-birth, Daniel select 28 on where do we write the day-birth, Daniel select 1991 on where do we write the year of birth, Daniel clicks on button Next Location, Daniel enters 'Medellín' into where do we write the city, Daniel types 'ARROW_DOWN' in where do we write the city, Daniel types 'ENTER' in where do we write the city, Daniel enters '110111' into where do we write the postal-code, Daniel clicks on where do we write the country container, Daniel enters 'Colombia' into where do we write the country, Daniel clicks on button Next Location, Daniel clicks on OS container]]
[Test worker] WARN net.thucydides.core.steps.BaseStepListener - stepStarted: net.thucydides.core.steps.ExecutedStepDescription@35a069c3
[Test worker] WARN net.thucydides.core.steps.BaseStepListener - stepFinished: current outcome:Register in the uTest platform:Given than Daniel want to know the sities uTest [Daniel open up [Daniel opens the User testmy page]], When entering the data from the uTest registration form
| first_name | last_name | email_address | month_birth | day_birth | year_birth | city | postal_code | country | your_computer | version | language | your_mobile_device | model | operating_system | password | password_confirmation |
| daniel | giraldo | daniel@utest.com | July | 28 | 1991 | Medellín | 110111 | Colombia | Windows | Windows 10 | Spanish | Huawei | Mate 9 Pro | Android 9.0 (Pie) | Daniel.giraldo180 | Daniel.giraldo180 | [Daniel form user [Daniel clicks on BTN JOIN, Daniel enters 'daniel' into where do we write the first-name, Daniel enters 'giraldo' into where do we write the last-name, Daniel enters 'daniel@utest.com' into where do we write the email-address, Daniel select July on where do we write the month-birth, Daniel select 28 on where do we write the day-birth, Daniel select 1991 on where do we write the year of birth, Daniel clicks on button Next Location, Daniel enters 'Medellín' into where do we write the city, Daniel types 'ARROW_DOWN' in where do we write the city, Daniel types 'ENTER' in where do we write the city, Daniel enters '110111' into where do we write the postal-code, Daniel clicks on where do we write the country container, Daniel enters 'Colombia' into where do we write the country, Daniel clicks on button Next Location, Daniel clicks on OS container, Daniel enters 'Windows' into OS]]
[Test worker] WARN net.thucydides.core.steps.BaseStepListener - stepStarted: net.thucydides.core.steps.ExecutedStepDescription@24b40a3c
[Test worker] WARN net.thucydides.core.steps.BaseStepListener - stepFinished: current outcome:Register in the uTest platform:Given than Daniel want to know the sities uTest [Daniel open up [Daniel opens the User testmy page]], When entering the data from the uTest registration form
| first_name | last_name | email_address | month_birth | day_birth | year_birth | city | postal_code | country | your_computer | version | language | your_mobile_device | model | operating_system | password | password_confirmation |
| daniel | giraldo | daniel@utest.com | July | 28 | 1991 | Medellín | 110111 | Colombia | Windows | Windows 10 | Spanish | Huawei | Mate 9 Pro | Android 9.0 (Pie) | Daniel.giraldo180 | Daniel.giraldo180 | [Daniel form user [Daniel clicks on BTN JOIN, Daniel enters 'daniel' into where do we write the first-name, Daniel enters 'giraldo' into where do we write the last-name, Daniel enters 'daniel@utest.com' into where do we write the email-address, Daniel select July on where do we write the month-birth, Daniel select 28 on where do we write the day-birth, Daniel select 1991 on where do we write the year of birth, Daniel clicks on button Next Location, Daniel enters 'Medellín' into where do we write the city, Daniel types 'ARROW_DOWN' in where do we write the city, Daniel types 'ENTER' in where do we write the city, Daniel enters '110111' into where do we write the postal-code, Daniel clicks on where do we write the country container, Daniel enters 'Colombia' into where do we write the country, Daniel clicks on button Next Location, Daniel clicks on OS container, Daniel enters 'Windows' into OS, Daniel types 'ARROW_DOWN' in OS]]
[Test worker] WARN net.thucydides.core.steps.BaseStepListener - stepStarted: net.thucydides.core.steps.ExecutedStepDescription@89e9416
[Test worker] WARN net.thucydides.core.steps.BaseStepListener - stepFinished: current outcome:Register in the uTest platform:Given than Daniel want to know the sities uTest [Daniel open up [Daniel opens the User testmy page]], When entering the data from the uTest registration form
| first_name | last_name | email_address | month_birth | day_birth | year_birth | city | postal_code | country | your_computer | version | language | your_mobile_device | model | operating_system | password | password_confirmation |
| daniel | giraldo | daniel@utest.com | July | 28 | 1991 | Medellín | 110111 | Colombia | Windows | Windows 10 | Spanish | Huawei | Mate 9 Pro | Android 9.0 (Pie) | Daniel.giraldo180 | Daniel.giraldo180 | [Daniel form user [Daniel clicks on BTN JOIN, Daniel enters 'daniel' into where do we write the first-name, Daniel enters 'giraldo' into where do we write the last-name, Daniel enters 'daniel@utest.com' into where do we write the email-address, Daniel select July on where do we write the month-birth, Daniel select 28 on where do we write the day-birth, Daniel select 1991 on where do we write the year of birth, Daniel clicks on button Next Location, Daniel enters 'Medellín' into where do we write the city, Daniel types 'ARROW_DOWN' in where do we write the city, Daniel types 'ENTER' in where do we write the city, Daniel enters '110111' into where do we write the postal-code, Daniel clicks on where do we write the country container, Daniel enters 'Colombia' into where do we write the country, Daniel clicks on button Next Location, Daniel clicks on OS container, Daniel enters 'Windows' into OS, Daniel types 'ARROW_DOWN' in OS, Daniel types 'ENTER' in OS]]
[Test worker] WARN net.thucydides.core.steps.BaseStepListener - stepStarted: net.thucydides.core.steps.ExecutedStepDescription@7de8648e
[Test worker] WARN net.thucydides.core.steps.BaseStepListener - stepFinished: current outcome:Register in the uTest platform:Given than Daniel want to know the sities uTest [Daniel open up [Daniel opens the User testmy page]], When entering the data from the uTest registration form
| first_name | last_name | email_address | month_birth | day_birth | year_birth | city | postal_code | country | your_computer | version | language | your_mobile_device | model | operating_system | password | password_confirmation |
| daniel | giraldo | daniel@utest.com | July | 28 | 1991 | Medellín | 110111 | Colombia | Windows | Windows 10 | Spanish | Huawei | Mate 9 Pro | Android 9.0 (Pie) | Daniel.giraldo180 | Daniel.giraldo180 | [Daniel form user [Daniel clicks on BTN JOIN, Daniel enters 'daniel' into where do we write the first-name, Daniel enters 'giraldo' into where do we write the last-name, Daniel enters 'daniel@utest.com' into where do we write the email-address, Daniel select July on where do we write the month-birth, Daniel select 28 on where do we write the day-birth, Daniel select 1991 on where do we write the year of birth, Daniel clicks on button Next Location, Daniel enters 'Medellín' into where do we write the city, Daniel types 'ARROW_DOWN' in where do we write the city, Daniel types 'ENTER' in where do we write the city, Daniel enters '110111' into where do we write the postal-code, Daniel clicks on where do we write the country container, Daniel enters 'Colombia' into where do we write the country, Daniel clicks on button Next Location, Daniel clicks on OS container, Daniel enters 'Windows' into OS, Daniel types 'ARROW_DOWN' in OS, Daniel types 'ENTER' in OS, Daniel clicks on version OS container]]
[Test worker] WARN net.thucydides.core.steps.BaseStepListener - stepStarted: net.thucydides.core.steps.ExecutedStepDescription@681dc433
[Test worker] WARN net.thucydides.core.steps.BaseStepListener - stepFinished: current outcome:Register in the uTest platform:Given than Daniel want to know the sities uTest [Daniel open up [Daniel opens the User testmy page]], When entering the data from the uTest registration form
| first_name | last_name | email_address | month_birth | day_birth | year_birth | city | postal_code | country | your_computer | version | language | your_mobile_device | model | operating_system | password | password_confirmation |
| daniel | giraldo | daniel@utest.com | July | 28 | 1991 | Medellín | 110111 | Colombia | Windows | Windows 10 | Spanish | Huawei | Mate 9 Pro | Android 9.0 (Pie) | Daniel.giraldo180 | Daniel.giraldo180 | [Daniel form user [Daniel clicks on BTN JOIN, Daniel enters 'daniel' into where do we write the first-name, Daniel enters 'giraldo' into where do we write the last-name, Daniel enters 'daniel@utest.com' into where do we write the email-address, Daniel select July on where do we write the month-birth, Daniel select 28 on where do we write the day-birth, Daniel select 1991 on where do we write the year of birth, Daniel clicks on button Next Location, Daniel enters 'Medellín' into where do we write the city, Daniel types 'ARROW_DOWN' in where do we write the city, Daniel types 'ENTER' in where do we write the city, Daniel enters '110111' into where do we write the postal-code, Daniel clicks on where do we write the country container, Daniel enters 'Colombia' into where do we write the country, Daniel clicks on button Next Location, Daniel clicks on OS container, Daniel enters 'Windows' into OS, Daniel types 'ARROW_DOWN' in OS, Daniel types 'ENTER' in OS, Daniel clicks on version OS container, Daniel enters 'Windows 10' into version OS]]
[Test worker] WARN net.thucydides.core.steps.BaseStepListener - stepStarted: net.thucydides.core.steps.ExecutedStepDescription@5e0efa69
[Test worker] WARN net.thucydides.core.steps.BaseStepListener - stepFinished: current outcome:Register in the uTest platform:Given than Daniel want to know the sities uTest [Daniel open up [Daniel opens the User testmy page]], When entering the data from the uTest registration form
| first_name | last_name | email_address | month_birth | day_birth | year_birth | city | postal_code | country | your_computer | version | language | your_mobile_device | model | operating_system | password | password_confirmation |
| daniel | giraldo | daniel@utest.com | July | 28 | 1991 | Medellín | 110111 | Colombia | Windows | Windows 10 | Spanish | Huawei | Mate 9 Pro | Android 9.0 (Pie) | Daniel.giraldo180 | Daniel.giraldo180 | [Daniel form user [Daniel clicks on BTN JOIN, Daniel enters 'daniel' into where do we write the first-name, Daniel enters 'giraldo' into where do we write the last-name, Daniel enters 'daniel@utest.com' into where do we write the email-address, Daniel select July on where do we write the month-birth, Daniel select 28 on where do we write the day-birth, Daniel select 1991 on where do we write the year of birth, Daniel clicks on button Next Location, Daniel enters 'Medellín' into where do we write the city, Daniel types 'ARROW_DOWN' in where do we write the city, Daniel types 'ENTER' in where do we write the city, Daniel enters '110111' into where do we write the postal-code, Daniel clicks on where do we write the country container, Daniel enters 'Colombia' into where do we write the country, Daniel clicks on button Next Location, Daniel clicks on OS container, Daniel enters 'Windows' into OS, Daniel types 'ARROW_DOWN' in OS, Daniel types 'ENTER' in OS, Daniel clicks on version OS container, Daniel enters 'Windows 10' into version OS, Daniel types 'ARROW_DOWN' in version OS]]
[Test worker] WARN net.thucydides.core.steps.BaseStepListener - stepStarted: net.thucydides.core.steps.ExecutedStepDescription@55430d5b
[Test worker] WARN net.thucydides.core.steps.BaseStepListener - stepFinished: current outcome:Register in the uTest platform:Given than Daniel want to know the sities uTest [Daniel open up [Daniel opens the User testmy page]], When entering the data from the uTest registration form
| first_name | last_name | email_address | month_birth | day_birth | year_birth | city | postal_code | country | your_computer | version | language | your_mobile_device | model | operating_system | password | password_confirmation |
| daniel | giraldo | daniel@utest.com | July | 28 | 1991 | Medellín | 110111 | Colombia | Windows | Windows 10 | Spanish | Huawei | Mate 9 Pro | Android 9.0 (Pie) | Daniel.giraldo180 | Daniel.giraldo180 | [Daniel form user [Daniel clicks on BTN JOIN, Daniel enters 'daniel' into where do we write the first-name, Daniel enters 'giraldo' into where do we write the last-name, Daniel enters 'daniel@utest.com' into where do we write the email-address, Daniel select July on where do we write the month-birth, Daniel select 28 on where do we write the day-birth, Daniel select 1991 on where do we write the year of birth, Daniel clicks on button Next Location, Daniel enters 'Medellín' into where do we write the city, Daniel types 'ARROW_DOWN' in where do we write the city, Daniel types 'ENTER' in where do we write the city, Daniel enters '110111' into where do we write the postal-code, Daniel clicks on where do we write the country container, Daniel enters 'Colombia' into where do we write the country, Daniel clicks on button Next Location, Daniel clicks on OS container, Daniel enters 'Windows' into OS, Daniel types 'ARROW_DOWN' in OS, Daniel types 'ENTER' in OS, Daniel clicks on version OS container, Daniel enters 'Windows 10' into version OS, Daniel types 'ARROW_DOWN' in version OS, Daniel types 'ENTER' in version OS]]
[Test worker] WARN net.thucydides.core.steps.BaseStepListener - stepStarted: net.thucydides.core.steps.ExecutedStepDescription@64f85c7a
[Test worker] WARN net.thucydides.core.steps.BaseStepListener - stepFinished: current outcome:Register in the uTest platform:Given than Daniel want to know the sities uTest [Daniel open up [Daniel opens the User testmy page]], When entering the data from the uTest registration form
| first_name | last_name | email_address | month_birth | day_birth | year_birth | city | postal_code | country | your_computer | version | language | your_mobile_device | model | operating_system | password | password_confirmation |
| daniel | giraldo | daniel@utest.com | July | 28 | 1991 | Medellín | 110111 | Colombia | Windows | Windows 10 | Spanish | Huawei | Mate 9 Pro | Android 9.0 (Pie) | Daniel.giraldo180 | Daniel.giraldo180 | [Daniel form user [Daniel clicks on BTN JOIN, Daniel enters 'daniel' into where do we write the first-name, Daniel enters 'giraldo' into where do we write the last-name, Daniel enters 'daniel@utest.com' into where do we write the email-address, Daniel select July on where do we write the month-birth, Daniel select 28 on where do we write the day-birth, Daniel select 1991 on where do we write the year of birth, Daniel clicks on button Next Location, Daniel enters 'Medellín' into where do we write the city, Daniel types 'ARROW_DOWN' in where do we write the city, Daniel types 'ENTER' in where do we write the city, Daniel enters '110111' into where do we write the postal-code, Daniel clicks on where do we write the country container, Daniel enters 'Colombia' into where do we write the country, Daniel clicks on button Next Location, Daniel clicks on OS container, Daniel enters 'Windows' into OS, Daniel types 'ARROW_DOWN' in OS, Daniel types 'ENTER' in OS, Daniel clicks on version OS container, Daniel enters 'Windows 10' into version OS, Daniel types 'ARROW_DOWN' in version OS, Daniel types 'ENTER' in version OS, Daniel clicks on language OS container]]
[Test worker] WARN net.thucydides.core.steps.BaseStepListener - stepStarted: net.thucydides.core.steps.ExecutedStepDescription@3a5fd9b2
[Test worker] WARN net.thucydides.core.steps.BaseStepListener - stepFinished: current outcome:Register in the uTest platform:Given than Daniel want to know the sities uTest [Daniel open up [Daniel opens the User testmy page]], When entering the data from the uTest registration form
| first_name | last_name | email_address | month_birth | day_birth | year_birth | city | postal_code | country | your_computer | version | language | your_mobile_device | model | operating_system | password | password_confirmation |
| daniel | giraldo | daniel@utest.com | July | 28 | 1991 | Medellín | 110111 | Colombia | Windows | Windows 10 | Spanish | Huawei | Mate 9 Pro | Android 9.0 (Pie) | Daniel.giraldo180 | Daniel.giraldo180 | [Daniel form user [Daniel clicks on BTN JOIN, Daniel enters 'daniel' into where do we write the first-name, Daniel enters 'giraldo' into where do we write the last-name, Daniel enters 'daniel@utest.com' into where do we write the email-address, Daniel select July on where do we write the month-birth, Daniel select 28 on where do we write the day-birth, Daniel select 1991 on where do we write the year of birth, Daniel clicks on button Next Location, Daniel enters 'Medellín' into where do we write the city, Daniel types 'ARROW_DOWN' in where do we write the city, Daniel types 'ENTER' in where do we write the city, Daniel enters '110111' into where do we write the postal-code, Daniel clicks on where do we write the country container, Daniel enters 'Colombia' into where do we write the country, Daniel clicks on button Next Location, Daniel clicks on OS container, Daniel enters 'Windows' into OS, Daniel types 'ARROW_DOWN' in OS, Daniel types 'ENTER' in OS, Daniel clicks on version OS container, Daniel enters 'Windows 10' into version OS, Daniel types 'ARROW_DOWN' in version OS, Daniel types 'ENTER' in version OS, Daniel clicks on language OS container, Daniel enters 'Spanish' into language OS]]
[Test worker] WARN net.thucydides.core.steps.BaseStepListener - stepStarted: net.thucydides.core.steps.ExecutedStepDescription@490a04f1
[Test worker] WARN net.thucydides.core.steps.BaseStepListener - stepFinished: current outcome:Register in the uTest platform:Given than Daniel want to know the sities uTest [Daniel open up [Daniel opens the User testmy page]], When entering the data from the uTest registration form
| first_name | last_name | email_address | month_birth | day_birth | year_birth | city | postal_code | country | your_computer | version | language | your_mobile_device | model | operating_system | password | password_confirmation |
| daniel | giraldo | daniel@utest.com | July | 28 | 1991 | Medellín | 110111 | Colombia | Windows | Windows 10 | Spanish | Huawei | Mate 9 Pro | Android 9.0 (Pie) | Daniel.giraldo180 | Daniel.giraldo180 | [Daniel form user [Daniel clicks on BTN JOIN, Daniel enters 'daniel' into where do we write the first-name, Daniel enters 'giraldo' into where do we write the last-name, Daniel enters 'daniel@utest.com' into where do we write the email-address, Daniel select July on where do we write the month-birth, Daniel select 28 on where do we write the day-birth, Daniel select 1991 on where do we write the year of birth, Daniel clicks on button Next Location, Daniel enters 'Medellín' into where do we write the city, Daniel types 'ARROW_DOWN' in where do we write the city, Daniel types 'ENTER' in where do we write the city, Daniel enters '110111' into where do we write the postal-code, Daniel clicks on where do we write the country container, Daniel enters 'Colombia' into where do we write the country, Daniel clicks on button Next Location, Daniel clicks on OS container, Daniel enters 'Windows' into OS, Daniel types 'ARROW_DOWN' in OS, Daniel types 'ENTER' in OS, Daniel clicks on version OS container, Daniel enters 'Windows 10' into version OS, Daniel types 'ARROW_DOWN' in version OS, Daniel types 'ENTER' in version OS, Daniel clicks on language OS container, Daniel enters 'Spanish' into language OS, Daniel types 'ARROW_DOWN' in language OS]]
[Test worker] WARN net.thucydides.core.steps.BaseStepListener - stepStarted: net.thucydides.core.steps.ExecutedStepDescription@5c55ef08
[Test worker] WARN net.thucydides.core.steps.BaseStepListener - stepFinished: current outcome:Register in the uTest platform:Given than Daniel want to know the sities uTest [Daniel open up [Daniel opens the User testmy page]], When entering the data from the uTest registration form
| first_name | last_name | email_address | month_birth | day_birth | year_birth | city | postal_code | country | your_computer | version | language | your_mobile_device | model | operating_system | password | password_confirmation |
| daniel | giraldo | daniel@utest.com | July | 28 | 1991 | Medellín | 110111 | Colombia | Windows | Windows 10 | Spanish | Huawei | Mate 9 Pro | Android 9.0 (Pie) | Daniel.giraldo180 | Daniel.giraldo180 | [Daniel form user [Daniel clicks on BTN JOIN, Daniel enters 'daniel' into where do we write the first-name, Daniel enters 'giraldo' into where do we write the last-name, Daniel enters 'daniel@utest.com' into where do we write the email-address, Daniel select July on where do we write the month-birth, Daniel select 28 on where do we write the day-birth, Daniel select 1991 on where do we write the year of birth, Daniel clicks on button Next Location, Daniel enters 'Medellín' into where do we write the city, Daniel types 'ARROW_DOWN' in where do we write the city, Daniel types 'ENTER' in where do we write the city, Daniel enters '110111' into where do we write the postal-code, Daniel clicks on where do we write the country container, Daniel enters 'Colombia' into where do we write the country, Daniel clicks on button Next Location, Daniel clicks on OS container, Daniel enters 'Windows' into OS, Daniel types 'ARROW_DOWN' in OS, Daniel types 'ENTER' in OS, Daniel clicks on version OS container, Daniel enters 'Windows 10' into version OS, Daniel types 'ARROW_DOWN' in version OS, Daniel types 'ENTER' in version OS, Daniel clicks on language OS container, Daniel enters 'Spanish' into language OS, Daniel types 'ARROW_DOWN' in language OS, Daniel types 'ENTER' in language OS]]
[Test worker] WARN net.thucydides.core.steps.BaseStepListener - stepStarted: net.thucydides.core.steps.ExecutedStepDescription@50a0bf4
[Test worker] WARN net.thucydides.core.steps.BaseStepListener - stepFinished: current outcome:Register in the uTest platform:Given than Daniel want to know the sities uTest [Daniel open up [Daniel opens the User testmy page]], When entering the data from the uTest registration form
| first_name | last_name | email_address | month_birth | day_birth | year_birth | city | postal_code | country | your_computer | version | language | your_mobile_device | model | operating_system | password | password_confirmation |
| daniel | giraldo | daniel@utest.com | July | 28 | 1991 | Medellín | 110111 | Colombia | Windows | Windows 10 | Spanish | Huawei | Mate 9 Pro | Android 9.0 (Pie) | Daniel.giraldo180 | Daniel.giraldo180 | [Daniel form user [Daniel clicks on BTN JOIN, Daniel enters 'daniel' into where do we write the first-name, Daniel enters 'giraldo' into where do we write the last-name, Daniel enters 'daniel@utest.com' into where do we write the email-address, Daniel select July on where do we write the month-birth, Daniel select 28 on where do we write the day-birth, Daniel select 1991 on where do we write the year of birth, Daniel clicks on button Next Location, Daniel enters 'Medellín' into where do we write the city, Daniel types 'ARROW_DOWN' in where do we write the city, Daniel types 'ENTER' in where do we write the city, Daniel enters '110111' into where do we write the postal-code, Daniel clicks on where do we write the country container, Daniel enters 'Colombia' into where do we write the country, Daniel clicks on button Next Location, Daniel clicks on OS container, Daniel enters 'Windows' into OS, Daniel types 'ARROW_DOWN' in OS, Daniel types 'ENTER' in OS, Daniel clicks on version OS container, Daniel enters 'Windows 10' into version OS, Daniel types 'ARROW_DOWN' in version OS, Daniel types 'ENTER' in version OS, Daniel clicks on language OS container, Daniel enters 'Spanish' into language OS, Daniel types 'ARROW_DOWN' in language OS, Daniel types 'ENTER' in language OS, Daniel clicks on your-mobile-device container]]
[Test worker] WARN net.thucydides.core.steps.BaseStepListener - stepStarted: net.thucydides.core.steps.ExecutedStepDescription@5f7cba90
[Test worker] WARN net.thucydides.core.steps.BaseStepListener - stepFinished: current outcome:Register in the uTest platform:Given than Daniel want to know the sities uTest [Daniel open up [Daniel opens the User testmy page]], When entering the data from the uTest registration form
| first_name | last_name | email_address | month_birth | day_birth | year_birth | city | postal_code | country | your_computer | version | language | your_mobile_device | model | operating_system | password | password_confirmation |
| daniel | giraldo | daniel@utest.com | July | 28 | 1991 | Medellín | 110111 | Colombia | Windows | Windows 10 | Spanish | Huawei | Mate 9 Pro | Android 9.0 (Pie) | Daniel.giraldo180 | Daniel.giraldo180 | [Daniel form user [Daniel clicks on BTN JOIN, Daniel enters 'daniel' into where do we write the first-name, Daniel enters 'giraldo' into where do we write the last-name, Daniel enters 'daniel@utest.com' into where do we write the email-address, Daniel select July on where do we write the month-birth, Daniel select 28 on where do we write the day-birth, Daniel select 1991 on where do we write the year of birth, Daniel clicks on button Next Location, Daniel enters 'Medellín' into where do we write the city, Daniel types 'ARROW_DOWN' in where do we write the city, Daniel types 'ENTER' in where do we write the city, Daniel enters '110111' into where do we write the postal-code, Daniel clicks on where do we write the country container, Daniel enters 'Colombia' into where do we write the country, Daniel clicks on button Next Location, Daniel clicks on OS container, Daniel enters 'Windows' into OS, Daniel types 'ARROW_DOWN' in OS, Daniel types 'ENTER' in OS, Daniel clicks on version OS container, Daniel enters 'Windows 10' into version OS, Daniel types 'ARROW_DOWN' in version OS, Daniel types 'ENTER' in version OS, Daniel clicks on language OS container, Daniel enters 'Spanish' into language OS, Daniel types 'ARROW_DOWN' in language OS, Daniel types 'ENTER' in language OS, Daniel clicks on your-mobile-device container, Daniel enters 'Huawei' into your-mobile-device]]
[Test worker] WARN net.thucydides.core.steps.BaseStepListener - stepStarted: net.thucydides.core.steps.ExecutedStepDescription@1937bcd3
[Test worker] WARN net.thucydides.core.steps.BaseStepListener - stepFinished: current outcome:Register in the uTest platform:Given than Daniel want to know the sities uTest [Daniel open up [Daniel opens the User testmy page]], When entering the data from the uTest registration form
| first_name | last_name | email_address | month_birth | day_birth | year_birth | city | postal_code | country | your_computer | version | language | your_mobile_device | model | operating_system | password | password_confirmation |
| daniel | giraldo | daniel@utest.com | July | 28 | 1991 | Medellín | 110111 | Colombia | Windows | Windows 10 | Spanish | Huawei | Mate 9 Pro | Android 9.0 (Pie) | Daniel.giraldo180 | Daniel.giraldo180 | [Daniel form user [Daniel clicks on BTN JOIN, Daniel enters 'daniel' into where do we write the first-name, Daniel enters 'giraldo' into where do we write the last-name, Daniel enters 'daniel@utest.com' into where do we write the email-address, Daniel select July on where do we write the month-birth, Daniel select 28 on where do we write the day-birth, Daniel select 1991 on where do we write the year of birth, Daniel clicks on button Next Location, Daniel enters 'Medellín' into where do we write the city, Daniel types 'ARROW_DOWN' in where do we write the city, Daniel types 'ENTER' in where do we write the city, Daniel enters '110111' into where do we write the postal-code, Daniel clicks on where do we write the country container, Daniel enters 'Colombia' into where do we write the country, Daniel clicks on button Next Location, Daniel clicks on OS container, Daniel enters 'Windows' into OS, Daniel types 'ARROW_DOWN' in OS, Daniel types 'ENTER' in OS, Daniel clicks on version OS container, Daniel enters 'Windows 10' into version OS, Daniel types 'ARROW_DOWN' in version OS, Daniel types 'ENTER' in version OS, Daniel clicks on language OS container, Daniel enters 'Spanish' into language OS, Daniel types 'ARROW_DOWN' in language OS, Daniel types 'ENTER' in language OS, Daniel clicks on your-mobile-device container, Daniel enters 'Huawei' into your-mobile-device, Daniel types 'ARROW_DOWN' in your-mobile-device]]
[Test worker] WARN net.thucydides.core.steps.BaseStepListener - stepStarted: net.thucydides.core.steps.ExecutedStepDescription@79912bd7
[Test worker] WARN net.thucydides.core.steps.BaseStepListener - stepFinished: current outcome:Register in the uTest platform:Given than Daniel want to know the sities uTest [Daniel open up [Daniel opens the User testmy page]], When entering the data from the uTest registration form
| first_name | last_name | email_address | month_birth | day_birth | year_birth | city | postal_code | country | your_computer | version | language | your_mobile_device | model | operating_system | password | password_confirmation |
| daniel | giraldo | daniel@utest.com | July | 28 | 1991 | Medellín | 110111 | Colombia | Windows | Windows 10 | Spanish | Huawei | Mate 9 Pro | Android 9.0 (Pie) | Daniel.giraldo180 | Daniel.giraldo180 | [Daniel form user [Daniel clicks on BTN JOIN, Daniel enters 'daniel' into where do we write the first-name, Daniel enters 'giraldo' into where do we write the last-name, Daniel enters 'daniel@utest.com' into where do we write the email-address, Daniel select July on where do we write the month-birth, Daniel select 28 on where do we write the day-birth, Daniel select 1991 on where do we write the year of birth, Daniel clicks on button Next Location, Daniel enters 'Medellín' into where do we write the city, Daniel types 'ARROW_DOWN' in where do we write the city, Daniel types 'ENTER' in where do we write the city, Daniel enters '110111' into where do we write the postal-code, Daniel clicks on where do we write the country container, Daniel enters 'Colombia' into where do we write the country, Daniel clicks on button Next Location, Daniel clicks on OS container, Daniel enters 'Windows' into OS, Daniel types 'ARROW_DOWN' in OS, Daniel types 'ENTER' in OS, Daniel clicks on version OS container, Daniel enters 'Windows 10' into version OS, Daniel types 'ARROW_DOWN' in version OS, Daniel types 'ENTER' in version OS, Daniel clicks on language OS container, Daniel enters 'Spanish' into language OS, Daniel types 'ARROW_DOWN' in language OS, Daniel types 'ENTER' in language OS, Daniel clicks on your-mobile-device container, Daniel enters 'Huawei' into your-mobile-device, Daniel types 'ARROW_DOWN' in your-mobile-device, Daniel types 'ENTER' in your-mobile-device]]
[Test worker] WARN net.thucydides.core.steps.BaseStepListener - stepStarted: net.thucydides.core.steps.ExecutedStepDescription@1e4ae703
[Test worker] WARN net.thucydides.core.steps.BaseStepListener - stepFinished: current outcome:Register in the uTest platform:Given than Daniel want to know the sities uTest [Daniel open up [Daniel opens the User testmy page]], When entering the data from the uTest registration form
| first_name | last_name | email_address | month_birth | day_birth | year_birth | city | postal_code | country | your_computer | version | language | your_mobile_device | model | operating_system | password | password_confirmation |
| daniel | giraldo | daniel@utest.com | July | 28 | 1991 | Medellín | 110111 | Colombia | Windows | Windows 10 | Spanish | Huawei | Mate 9 Pro | Android 9.0 (Pie) | Daniel.giraldo180 | Daniel.giraldo180 | [Daniel form user [Daniel clicks on BTN JOIN, Daniel enters 'daniel' into where do we write the first-name, Daniel enters 'giraldo' into where do we write the last-name, Daniel enters 'daniel@utest.com' into where do we write the email-address, Daniel select July on where do we write the month-birth, Daniel select 28 on where do we write the day-birth, Daniel select 1991 on where do we write the year of birth, Daniel clicks on button Next Location, Daniel enters 'Medellín' into where do we write the city, Daniel types 'ARROW_DOWN' in where do we write the city, Daniel types 'ENTER' in where do we write the city, Daniel enters '110111' into where do we write the postal-code, Daniel clicks on where do we write the country container, Daniel enters 'Colombia' into where do we write the country, Daniel clicks on button Next Location, Daniel clicks on OS container, Daniel enters 'Windows' into OS, Daniel types 'ARROW_DOWN' in OS, Daniel types 'ENTER' in OS, Daniel clicks on version OS container, Daniel enters 'Windows 10' into version OS, Daniel types 'ARROW_DOWN' in version OS, Daniel types 'ENTER' in version OS, Daniel clicks on language OS container, Daniel enters 'Spanish' into language OS, Daniel types 'ARROW_DOWN' in language OS, Daniel types 'ENTER' in language OS, Daniel clicks on your-mobile-device container, Daniel enters 'Huawei' into your-mobile-device, Daniel types 'ARROW_DOWN' in your-mobile-device, Daniel types 'ENTER' in your-mobile-device, Daniel clicks on model container]]
[Test worker] WARN net.thucydides.core.steps.BaseStepListener - stepStarted: net.thucydides.core.steps.ExecutedStepDescription@535da7cb
[Test worker] WARN net.thucydides.core.steps.BaseStepListener - stepFinished: current outcome:Register in the uTest platform:Given than Daniel want to know the sities uTest [Daniel open up [Daniel opens the User testmy page]], When entering the data from the uTest registration form
| first_name | last_name | email_address | month_birth | day_birth | year_birth | city | postal_code | country | your_computer | version | language | your_mobile_device | model | operating_system | password | password_confirmation |
| daniel | giraldo | daniel@utest.com | July | 28 | 1991 | Medellín | 110111 | Colombia | Windows | Windows 10 | Spanish | Huawei | Mate 9 Pro | Android 9.0 (Pie) | Daniel.giraldo180 | Daniel.giraldo180 | [Daniel form user [Daniel clicks on BTN JOIN, Daniel enters 'daniel' into where do we write the first-name, Daniel enters 'giraldo' into where do we write the last-name, Daniel enters 'daniel@utest.com' into where do we write the email-address, Daniel select July on where do we write the month-birth, Daniel select 28 on where do we write the day-birth, Daniel select 1991 on where do we write the year of birth, Daniel clicks on button Next Location, Daniel enters 'Medellín' into where do we write the city, Daniel types 'ARROW_DOWN' in where do we write the city, Daniel types 'ENTER' in where do we write the city, Daniel enters '110111' into where do we write the postal-code, Daniel clicks on where do we write the country container, Daniel enters 'Colombia' into where do we write the country, Daniel clicks on button Next Location, Daniel clicks on OS container, Daniel enters 'Windows' into OS, Daniel types 'ARROW_DOWN' in OS, Daniel types 'ENTER' in OS, Daniel clicks on version OS container, Daniel enters 'Windows 10' into version OS, Daniel types 'ARROW_DOWN' in version OS, Daniel types 'ENTER' in version OS, Daniel clicks on language OS container, Daniel enters 'Spanish' into language OS, Daniel types 'ARROW_DOWN' in language OS, Daniel types 'ENTER' in language OS, Daniel clicks on your-mobile-device container, Daniel enters 'Huawei' into your-mobile-device, Daniel types 'ARROW_DOWN' in your-mobile-device, Daniel types 'ENTER' in your-mobile-device, Daniel clicks on model container, Daniel enters 'Mate 9 Pro' into model]]
[Test worker] WARN net.thucydides.core.steps.BaseStepListener - stepStarted: net.thucydides.core.steps.ExecutedStepDescription@4a426d55
[Test worker] WARN net.thucydides.core.steps.BaseStepListener - stepFinished: current outcome:Register in the uTest platform:Given than Daniel want to know the sities uTest [Daniel open up [Daniel opens the User testmy page]], When entering the data from the uTest registration form
| first_name | last_name | email_address | month_birth | day_birth | year_birth | city | postal_code | country | your_computer | version | language | your_mobile_device | model | operating_system | password | password_confirmation |
| daniel | giraldo | daniel@utest.com | July | 28 | 1991 | Medellín | 110111 | Colombia | Windows | Windows 10 | Spanish | Huawei | Mate 9 Pro | Android 9.0 (Pie) | Daniel.giraldo180 | Daniel.giraldo180 | [Daniel form user [Daniel clicks on BTN JOIN, Daniel enters 'daniel' into where do we write the first-name, Daniel enters 'giraldo' into where do we write the last-name, Daniel enters 'daniel@utest.com' into where do we write the email-address, Daniel select July on where do we write the month-birth, Daniel select 28 on where do we write the day-birth, Daniel select 1991 on where do we write the year of birth, Daniel clicks on button Next Location, Daniel enters 'Medellín' into where do we write the city, Daniel types 'ARROW_DOWN' in where do we write the city, Daniel types 'ENTER' in where do we write the city, Daniel enters '110111' into where do we write the postal-code, Daniel clicks on where do we write the country container, Daniel enters 'Colombia' into where do we write the country, Daniel clicks on button Next Location, Daniel clicks on OS container, Daniel enters 'Windows' into OS, Daniel types 'ARROW_DOWN' in OS, Daniel types 'ENTER' in OS, Daniel clicks on version OS container, Daniel enters 'Windows 10' into version OS, Daniel types 'ARROW_DOWN' in version OS, Daniel types 'ENTER' in version OS, Daniel clicks on language OS container, Daniel enters 'Spanish' into language OS, Daniel types 'ARROW_DOWN' in language OS, Daniel types 'ENTER' in language OS, Daniel clicks on your-mobile-device container, Daniel enters 'Huawei' into your-mobile-device, Daniel types 'ARROW_DOWN' in your-mobile-device, Daniel types 'ENTER' in your-mobile-device, Daniel clicks on model container, Daniel enters 'Mate 9 Pro' into model, Daniel types 'ARROW_DOWN' in model]]
[Test worker] WARN net.thucydides.core.steps.BaseStepListener - stepStarted: net.thucydides.core.steps.ExecutedStepDescription@59d224ca
[Test worker] WARN net.thucydides.core.steps.BaseStepListener - stepFinished: current outcome:Register in the uTest platform:Given than Daniel want to know the sities uTest [Daniel open up [Daniel opens the User testmy page]], When entering the data from the uTest registration form
| first_name | last_name | email_address | month_birth | day_birth | year_birth | city | postal_code | country | your_computer | version | language | your_mobile_device | model | operating_system | password | password_confirmation |
| daniel | giraldo | daniel@utest.com | July | 28 | 1991 | Medellín | 110111 | Colombia | Windows | Windows 10 | Spanish | Huawei | Mate 9 Pro | Android 9.0 (Pie) | Daniel.giraldo180 | Daniel.giraldo180 | [Daniel form user [Daniel clicks on BTN JOIN, Daniel enters 'daniel' into where do we write the first-name, Daniel enters 'giraldo' into where do we write the last-name, Daniel enters 'daniel@utest.com' into where do we write the email-address, Daniel select July on where do we write the month-birth, Daniel select 28 on where do we write the day-birth, Daniel select 1991 on where do we write the year of birth, Daniel clicks on button Next Location, Daniel enters 'Medellín' into where do we write the city, Daniel types 'ARROW_DOWN' in where do we write the city, Daniel types 'ENTER' in where do we write the city, Daniel enters '110111' into where do we write the postal-code, Daniel clicks on where do we write the country container, Daniel enters 'Colombia' into where do we write the country, Daniel clicks on button Next Location, Daniel clicks on OS container, Daniel enters 'Windows' into OS, Daniel types 'ARROW_DOWN' in OS, Daniel types 'ENTER' in OS, Daniel clicks on version OS container, Daniel enters 'Windows 10' into version OS, Daniel types 'ARROW_DOWN' in version OS, Daniel types 'ENTER' in version OS, Daniel clicks on language OS container, Daniel enters 'Spanish' into language OS, Daniel types 'ARROW_DOWN' in language OS, Daniel types 'ENTER' in language OS, Daniel clicks on your-mobile-device container, Daniel enters 'Huawei' into your-mobile-device, Daniel types 'ARROW_DOWN' in your-mobile-device, Daniel types 'ENTER' in your-mobile-device, Daniel clicks on model container, Daniel enters 'Mate 9 Pro' into model, Daniel types 'ARROW_DOWN' in model, Daniel types 'ENTER' in model]]
[Test worker] WARN net.thucydides.core.steps.BaseStepListener - stepStarted: net.thucydides.core.steps.ExecutedStepDescription@5c70f0f3
[Test worker] WARN net.thucydides.core.steps.BaseStepListener - stepFinished: current outcome:Register in the uTest platform:Given than Daniel want to know the sities uTest [Daniel open up [Daniel opens the User testmy page]], When entering the data from the uTest registration form
| first_name | last_name | email_address | month_birth | day_birth | year_birth | city | postal_code | country | your_computer | version | language | your_mobile_device | model | operating_system | password | password_confirmation |
| daniel | giraldo | daniel@utest.com | July | 28 | 1991 | Medellín | 110111 | Colombia | Windows | Windows 10 | Spanish | Huawei | Mate 9 Pro | Android 9.0 (Pie) | Daniel.giraldo180 | Daniel.giraldo180 | [Daniel form user [Daniel clicks on BTN JOIN, Daniel enters 'daniel' into where do we write the first-name, Daniel enters 'giraldo' into where do we write the last-name, Daniel enters 'daniel@utest.com' into where do we write the email-address, Daniel select July on where do we write the month-birth, Daniel select 28 on where do we write the day-birth, Daniel select 1991 on where do we write the year of birth, Daniel clicks on button Next Location, Daniel enters 'Medellín' into where do we write the city, Daniel types 'ARROW_DOWN' in where do we write the city, Daniel types 'ENTER' in where do we write the city, Daniel enters '110111' into where do we write the postal-code, Daniel clicks on where do we write the country container, Daniel enters 'Colombia' into where do we write the country, Daniel clicks on button Next Location, Daniel clicks on OS container, Daniel enters 'Windows' into OS, Daniel types 'ARROW_DOWN' in OS, Daniel types 'ENTER' in OS, Daniel clicks on version OS container, Daniel enters 'Windows 10' into version OS, Daniel types 'ARROW_DOWN' in version OS, Daniel types 'ENTER' in version OS, Daniel clicks on language OS container, Daniel enters 'Spanish' into language OS, Daniel types 'ARROW_DOWN' in language OS, Daniel types 'ENTER' in language OS, Daniel clicks on your-mobile-device container, Daniel enters 'Huawei' into your-mobile-device, Daniel types 'ARROW_DOWN' in your-mobile-device, Daniel types 'ENTER' in your-mobile-device, Daniel clicks on model container, Daniel enters 'Mate 9 Pro' into model, Daniel types 'ARROW_DOWN' in model, Daniel types 'ENTER' in model, Daniel clicks on operating-system container]]
[Test worker] WARN net.thucydides.core.steps.BaseStepListener - stepStarted: net.thucydides.core.steps.ExecutedStepDescription@12667016
[Test worker] WARN net.thucydides.core.steps.BaseStepListener - stepFinished: current outcome:Register in the uTest platform:Given than Daniel want to know the sities uTest [Daniel open up [Daniel opens the User testmy page]], When entering the data from the uTest registration form
| first_name | last_name | email_address | month_birth | day_birth | year_birth | city | postal_code | country | your_computer | version | language | your_mobile_device | model | operating_system | password | password_confirmation |
| daniel | giraldo | daniel@utest.com | July | 28 | 1991 | Medellín | 110111 | Colombia | Windows | Windows 10 | Spanish | Huawei | Mate 9 Pro | Android 9.0 (Pie) | Daniel.giraldo180 | Daniel.giraldo180 | [Daniel form user [Daniel clicks on BTN JOIN, Daniel enters 'daniel' into where do we write the first-name, Daniel enters 'giraldo' into where do we write the last-name, Daniel enters 'daniel@utest.com' into where do we write the email-address, Daniel select July on where do we write the month-birth, Daniel select 28 on where do we write the day-birth, Daniel select 1991 on where do we write the year of birth, Daniel clicks on button Next Location, Daniel enters 'Medellín' into where do we write the city, Daniel types 'ARROW_DOWN' in where do we write the city, Daniel types 'ENTER' in where do we write the city, Daniel enters '110111' into where do we write the postal-code, Daniel clicks on where do we write the country container, Daniel enters 'Colombia' into where do we write the country, Daniel clicks on button Next Location, Daniel clicks on OS container, Daniel enters 'Windows' into OS, Daniel types 'ARROW_DOWN' in OS, Daniel types 'ENTER' in OS, Daniel clicks on version OS container, Daniel enters 'Windows 10' into version OS, Daniel types 'ARROW_DOWN' in version OS, Daniel types 'ENTER' in version OS, Daniel clicks on language OS container, Daniel enters 'Spanish' into language OS, Daniel types 'ARROW_DOWN' in language OS, Daniel types 'ENTER' in language OS, Daniel clicks on your-mobile-device container, Daniel enters 'Huawei' into your-mobile-device, Daniel types 'ARROW_DOWN' in your-mobile-device, Daniel types 'ENTER' in your-mobile-device, Daniel clicks on model container, Daniel enters 'Mate 9 Pro' into model, Daniel types 'ARROW_DOWN' in model, Daniel types 'ENTER' in model, Daniel clicks on operating-system container, Daniel enters 'Android 9.0 (Pie)' into operating-system]]
[Test worker] WARN net.thucydides.core.steps.BaseStepListener - stepStarted: net.thucydides.core.steps.ExecutedStepDescription@3319b778
[Test worker] WARN net.thucydides.core.steps.BaseStepListener - stepFinished: current outcome:Register in the uTest platform:Given than Daniel want to know the sities uTest [Daniel open up [Daniel opens the User testmy page]], When entering the data from the uTest registration form
| first_name | last_name | email_address | month_birth | day_birth | year_birth | city | postal_code | country | your_computer | version | language | your_mobile_device | model | operating_system | password | password_confirmation |
| daniel | giraldo | daniel@utest.com | July | 28 | 1991 | Medellín | 110111 | Colombia | Windows | Windows 10 | Spanish | Huawei | Mate 9 Pro | Android 9.0 (Pie) | Daniel.giraldo180 | Daniel.giraldo180 | [Daniel form user [Daniel clicks on BTN JOIN, Daniel enters 'daniel' into where do we write the first-name, Daniel enters 'giraldo' into where do we write the last-name, Daniel enters 'daniel@utest.com' into where do we write the email-address, Daniel select July on where do we write the month-birth, Daniel select 28 on where do we write the day-birth, Daniel select 1991 on where do we write the year of birth, Daniel clicks on button Next Location, Daniel enters 'Medellín' into where do we write the city, Daniel types 'ARROW_DOWN' in where do we write the city, Daniel types 'ENTER' in where do we write the city, Daniel enters '110111' into where do we write the postal-code, Daniel clicks on where do we write the country container, Daniel enters 'Colombia' into where do we write the country, Daniel clicks on button Next Location, Daniel clicks on OS container, Daniel enters 'Windows' into OS, Daniel types 'ARROW_DOWN' in OS, Daniel types 'ENTER' in OS, Daniel clicks on version OS container, Daniel enters 'Windows 10' into version OS, Daniel types 'ARROW_DOWN' in version OS, Daniel types 'ENTER' in version OS, Daniel clicks on language OS container, Daniel enters 'Spanish' into language OS, Daniel types 'ARROW_DOWN' in language OS, Daniel types 'ENTER' in language OS, Daniel clicks on your-mobile-device container, Daniel enters 'Huawei' into your-mobile-device, Daniel types 'ARROW_DOWN' in your-mobile-device, Daniel types 'ENTER' in your-mobile-device, Daniel clicks on model container, Daniel enters 'Mate 9 Pro' into model, Daniel types 'ARROW_DOWN' in model, Daniel types 'ENTER' in model, Daniel clicks on operating-system container, Daniel enters 'Android 9.0 (Pie)' into operating-system, Daniel types 'ARROW_DOWN' in operating-system]]
[Test worker] WARN net.thucydides.core.steps.BaseStepListener - stepStarted: net.thucydides.core.steps.ExecutedStepDescription@47a47ec2
[Test worker] WARN net.thucydides.core.steps.BaseStepListener - stepFinished: current outcome:Register in the uTest platform:Given than Daniel want to know the sities uTest [Daniel open up [Daniel opens the User testmy page]], When entering the data from the uTest registration form
| first_name | last_name | email_address | month_birth | day_birth | year_birth | city | postal_code | country | your_computer | version | language | your_mobile_device | model | operating_system | password | password_confirmation |
| daniel | giraldo | daniel@utest.com | July | 28 | 1991 | Medellín | 110111 | Colombia | Windows | Windows 10 | Spanish | Huawei | Mate 9 Pro | Android 9.0 (Pie) | Daniel.giraldo180 | Daniel.giraldo180 | [Daniel form user [Daniel clicks on BTN JOIN, Daniel enters 'daniel' into where do we write the first-name, Daniel enters 'giraldo' into where do we write the last-name, Daniel enters 'daniel@utest.com' into where do we write the email-address, Daniel select July on where do we write the month-birth, Daniel select 28 on where do we write the day-birth, Daniel select 1991 on where do we write the year of birth, Daniel clicks on button Next Location, Daniel enters 'Medellín' into where do we write the city, Daniel types 'ARROW_DOWN' in where do we write the city, Daniel types 'ENTER' in where do we write the city, Daniel enters '110111' into where do we write the postal-code, Daniel clicks on where do we write the country container, Daniel enters 'Colombia' into where do we write the country, Daniel clicks on button Next Location, Daniel clicks on OS container, Daniel enters 'Windows' into OS, Daniel types 'ARROW_DOWN' in OS, Daniel types 'ENTER' in OS, Daniel clicks on version OS container, Daniel enters 'Windows 10' into version OS, Daniel types 'ARROW_DOWN' in version OS, Daniel types 'ENTER' in version OS, Daniel clicks on language OS container, Daniel enters 'Spanish' into language OS, Daniel types 'ARROW_DOWN' in language OS, Daniel types 'ENTER' in language OS, Daniel clicks on your-mobile-device container, Daniel enters 'Huawei' into your-mobile-device, Daniel types 'ARROW_DOWN' in your-mobile-device, Daniel types 'ENTER' in your-mobile-device, Daniel clicks on model container, Daniel enters 'Mate 9 Pro' into model, Daniel types 'ARROW_DOWN' in model, Daniel types 'ENTER' in model, Daniel clicks on operating-system container, Daniel enters 'Android 9.0 (Pie)' into operating-system, Daniel types 'ARROW_DOWN' in operating-system, Daniel types 'ENTER' in operating-system]]
[Test worker] WARN net.thucydides.core.steps.BaseStepListener - stepStarted: net.thucydides.core.steps.ExecutedStepDescription@f3ad22c
[Test worker] WARN net.thucydides.core.steps.BaseStepListener - stepFinished: current outcome:Register in the uTest platform:Given than Daniel want to know the sities uTest [Daniel open up [Daniel opens the User testmy page]], When entering the data from the uTest registration form
| first_name | last_name | email_address | month_birth | day_birth | year_birth | city | postal_code | country | your_computer | version | language | your_mobile_device | model | operating_system | password | password_confirmation |
| daniel | giraldo | daniel@utest.com | July | 28 | 1991 | Medellín | 110111 | Colombia | Windows | Windows 10 | Spanish | Huawei | Mate 9 Pro | Android 9.0 (Pie) | Daniel.giraldo180 | Daniel.giraldo180 | [Daniel form user [Daniel clicks on BTN JOIN, Daniel enters 'daniel' into where do we write the first-name, Daniel enters 'giraldo' into where do we write the last-name, Daniel enters 'daniel@utest.com' into where do we write the email-address, Daniel select July on where do we write the month-birth, Daniel select 28 on where do we write the day-birth, Daniel select 1991 on where do we write the year of birth, Daniel clicks on button Next Location, Daniel enters 'Medellín' into where do we write the city, Daniel types 'ARROW_DOWN' in where do we write the city, Daniel types 'ENTER' in where do we write the city, Daniel enters '110111' into where do we write the postal-code, Daniel clicks on where do we write the country container, Daniel enters 'Colombia' into where do we write the country, Daniel clicks on button Next Location, Daniel clicks on OS container, Daniel enters 'Windows' into OS, Daniel types 'ARROW_DOWN' in OS, Daniel types 'ENTER' in OS, Daniel clicks on version OS container, Daniel enters 'Windows 10' into version OS, Daniel types 'ARROW_DOWN' in version OS, Daniel types 'ENTER' in version OS, Daniel clicks on language OS container, Daniel enters 'Spanish' into language OS, Daniel types 'ARROW_DOWN' in language OS, Daniel types 'ENTER' in language OS, Daniel clicks on your-mobile-device container, Daniel enters 'Huawei' into your-mobile-device, Daniel types 'ARROW_DOWN' in your-mobile-device, Daniel types 'ENTER' in your-mobile-device, Daniel clicks on model container, Daniel enters 'Mate 9 Pro' into model, Daniel types 'ARROW_DOWN' in model, Daniel types 'ENTER' in model, Daniel clicks on operating-system container, Daniel enters 'Android 9.0 (Pie)' into operating-system, Daniel types 'ARROW_DOWN' in operating-system, Daniel types 'ENTER' in operating-system, Daniel clicks on button NEXT_LAST_SETUP]]
[Test worker] WARN net.thucydides.core.steps.BaseStepListener - stepStarted: net.thucydides.core.steps.ExecutedStepDescription@5be20424
[Test worker] WARN net.thucydides.core.steps.BaseStepListener - stepFinished: current outcome:Register in the uTest platform:Given than Daniel want to know the sities uTest [Daniel open up [Daniel opens the User testmy page]], When entering the data from the uTest registration form
| first_name | last_name | email_address | month_birth | day_birth | year_birth | city | postal_code | country | your_computer | version | language | your_mobile_device | model | operating_system | password | password_confirmation |
[...]
[Test worker] WARN net.thucydides.core.steps.BaseStepListener - stepFinished: current outcome:Register in the uTest platform:Given than Daniel want to know the sities uTest [Daniel open up [Daniel opens the User testmy page]], When entering the data from the uTest registration form
| first_name | last_name | email_address | month_birth | day_birth | year_birth | city | postal_code | country | your_computer | version | language | your_mobile_device | model | operating_system | password | password_confirmation |
| daniel | giraldo | daniel@utest.com | July | 28 | 1991 | Medellín | 110111 | Colombia | Windows | Windows 10 | Spanish | Huawei | Mate 9 Pro | Android 9.0 (Pie) | Daniel.giraldo180 | Daniel.giraldo180 | [Daniel form user [Daniel clicks on BTN JOIN, Daniel enters 'daniel' into where do we write the first-name, Daniel enters 'giraldo' into where do we write the last-name, Daniel enters 'daniel@utest.com' into where do we write the email-address, Daniel select July on where do we write the month-birth, Daniel select 28 on where do we write the day-birth, Daniel select 1991 on where do we write the year of birth, Daniel clicks on button Next Location, Daniel enters 'Medellín' into where do we write the city, Daniel types 'ARROW_DOWN' in where do we write the city, Daniel types 'ENTER' in where do we write the city, Daniel enters '110111' into where do we write the postal-code, Daniel clicks on where do we write the country container, Daniel enters 'Colombia' into where do we write the country, Daniel clicks on button Next Location, Daniel clicks on OS container, Daniel enters 'Windows' into OS, Daniel types 'ARROW_DOWN' in OS, Daniel types 'ENTER' in OS, Daniel clicks on version OS container, Daniel enters 'Windows 10' into version OS, Daniel types 'ARROW_DOWN' in version OS, Daniel types 'ENTER' in version OS, Daniel clicks on language OS container, Daniel enters 'Spanish' into language OS, Daniel types 'ARROW_DOWN' in language OS, Daniel types 'ENTER' in language OS, Daniel clicks on your-mobile-device container, Daniel enters 'Huawei' into your-mobile-device, Daniel types 'ARROW_DOWN' in your-mobile-device, Daniel types 'ENTER' in your-mobile-device, Daniel clicks on model container, Daniel enters 'Mate 9 Pro' into model, Daniel types 'ARROW_DOWN' in model, Daniel types 'ENTER' in model, Daniel clicks on operating-system container, Daniel enters 'Android 9.0 (Pie)' into operating-system, Daniel types 'ARROW_DOWN' in operating-system, Daniel types 'ENTER' in operating-system, Daniel clicks on button NEXT_LAST_SETUP, Daniel enters 'Daniel.giraldo180' into where do we write the password, Daniel enters 'Daniel.giraldo180' into where do we write confirm  password, Daniel clicks on checkbox informed, Daniel clicks on checkbox terms of use, Daniel clicks on checkbox PRIVACY, Daniel clicks on Complete Setup]]
[Test worker] WARN net.thucydides.core.steps.BaseStepListener - stepStarted: net.thucydides.core.steps.ExecutedStepDescription@31ada90b
[Test worker] WARN net.thucydides.core.steps.BaseStepListener - stepStarted: net.thucydides.core.steps.ExecutedStepDescription@6e7896a5
[Test worker] WARN net.thucydides.core.steps.BaseStepListener - stepFinished: current outcome:Register in the uTest platform:Given than Daniel want to know the sities uTest [Daniel open up [Daniel opens the User testmy page]], When entering the data from the uTest registration form
| first_name | last_name | email_address | month_birth | day_birth | year_birth | city | postal_code | country | your_computer | version | language | your_mobile_device | model | operating_system | password | password_confirmation |
| daniel | giraldo | daniel@utest.com | July | 28 | 1991 | Medellín | 110111 | Colombia | Windows | Windows 10 | Spanish | Huawei | Mate 9 Pro | Android 9.0 (Pie) | Daniel.giraldo180 | Daniel.giraldo180 | [Daniel form user [Daniel clicks on BTN JOIN, Daniel enters 'daniel' into where do we write the first-name, Daniel enters 'giraldo' into where do we write the last-name, Daniel enters 'daniel@utest.com' into where do we write the email-address, Daniel select July on where do we write the month-birth, Daniel select 28 on where do we write the day-birth, Daniel select 1991 on where do we write the year of birth, Daniel clicks on button Next Location, Daniel enters 'Medellín' into where do we write the city, Daniel types 'ARROW_DOWN' in where do we write the city, Daniel types 'ENTER' in where do we write the city, Daniel enters '110111' into where do we write the postal-code, Daniel clicks on where do we write the country container, Daniel enters 'Colombia' into where do we write the country, Daniel clicks on button Next Location, Daniel clicks on OS container, Daniel enters 'Windows' into OS, Daniel types 'ARROW_DOWN' in OS, Daniel types 'ENTER' in OS, Daniel clicks on version OS container, Daniel enters 'Windows 10' into version OS, Daniel types 'ARROW_DOWN' in version OS, Daniel types 'ENTER' in version OS, Daniel clicks on language OS container, Daniel enters 'Spanish' into language OS, Daniel types 'ARROW_DOWN' in language OS, Daniel types 'ENTER' in language OS, Daniel clicks on your-mobile-device container, Daniel enters 'Huawei' into your-mobile-device, Daniel types 'ARROW_DOWN' in your-mobile-device, Daniel types 'ENTER' in your-mobile-device, Daniel clicks on model container, Daniel enters 'Mate 9 Pro' into model, Daniel types 'ARROW_DOWN' in model, Daniel types 'ENTER' in model, Daniel clicks on operating-system container, Daniel enters 'Android 9.0 (Pie)' into operating-system, Daniel types 'ARROW_DOWN' in operating-system, Daniel types 'ENTER' in operating-system, Daniel clicks on button NEXT_LAST_SETUP, Daniel enters 'Daniel.giraldo180' into where do we write the password, Daniel enters 'Daniel.giraldo180' into where do we write confirm  password, Daniel clicks on checkbox informed, Daniel clicks on checkbox terms of use, Daniel clicks on checkbox PRIVACY, Daniel clicks on Complete Setup]], Then he Know the functionalities of the uTest
| welcome |
| Welcome to the world's largest community of freelance software testers! | [Then answer]
[Test worker] WARN net.thucydides.core.steps.BaseStepListener - stepFinished: current outcome:Register in the uTest platform:Given than Daniel want to know the sities uTest [Daniel open up [Daniel opens the User testmy page]], When entering the data from the uTest registration form
| first_name | last_name | email_address | month_birth | day_birth | year_birth | city | postal_code | country | your_computer | version | language | your_mobile_device | model | operating_system | password | password_confirmation |
| daniel | giraldo | daniel@utest.com | July | 28 | 1991 | Medellín | 110111 | Colombia | Windows | Windows 10 | Spanish | Huawei | Mate 9 Pro | Android 9.0 (Pie) | Daniel.giraldo180 | Daniel.giraldo180 | [Daniel form user [Daniel clicks on BTN JOIN, Daniel enters 'daniel' into where do we write the first-name, Daniel enters 'giraldo' into where do we write the last-name, Daniel enters 'daniel@utest.com' into where do we write the email-address, Daniel select July on where do we write the month-birth, Daniel select 28 on where do we write the day-birth, Daniel select 1991 on where do we write the year of birth, Daniel clicks on button Next Location, Daniel enters 'Medellín' into where do we write the city, Daniel types 'ARROW_DOWN' in where do we write the city, Daniel types 'ENTER' in where do we write the city, Daniel enters '110111' into where do we write the postal-code, Daniel clicks on where do we write the country container, Daniel enters 'Colombia' into where do we write the country, Daniel clicks on button Next Location, Daniel clicks on OS container, Daniel enters 'Windows' into OS, Daniel types 'ARROW_DOWN' in OS, Daniel types 'ENTER' in OS, Daniel clicks on version OS container, Daniel enters 'Windows 10' into version OS, Daniel types 'ARROW_DOWN' in version OS, Daniel types 'ENTER' in version OS, Daniel clicks on language OS container, Daniel enters 'Spanish' into language OS, Daniel types 'ARROW_DOWN' in language OS, Daniel types 'ENTER' in language OS, Daniel clicks on your-mobile-device container, Daniel enters 'Huawei' into your-mobile-device, Daniel types 'ARROW_DOWN' in your-mobile-device, Daniel types 'ENTER' in your-mobile-device, Daniel clicks on model container, Daniel enters 'Mate 9 Pro' into model, Daniel types 'ARROW_DOWN' in model, Daniel types 'ENTER' in model, Daniel clicks on operating-system container, Daniel enters 'Android 9.0 (Pie)' into operating-system, Daniel types 'ARROW_DOWN' in operating-system, Daniel types 'ENTER' in operating-system, Daniel clicks on button NEXT_LAST_SETUP, Daniel enters 'Daniel.giraldo180' into where do we write the password, Daniel enters 'Daniel.giraldo180' into where do we write confirm  password, Daniel clicks on checkbox informed, Daniel clicks on checkbox terms of use, Daniel clicks on checkbox PRIVACY, Daniel clicks on Complete Setup]], Then he Know the functionalities of the uTest
| welcome |
| Welcome to the world's largest community of freelance software testers! | [Then answer]
[Test worker] WARN net.thucydides.core.steps.BaseStepListener - testFinished: Register in the uTest platform:Given than Daniel want to know the sities uTest [Daniel open up [Daniel opens the User testmy page]], When entering the data from the uTest registration form
| first_name | last_name | email_address | month_birth | day_birth | year_birth | city | postal_code | country | your_computer | version | language | your_mobile_device | model | operating_system | password | password_confirmation |
| daniel | giraldo | daniel@utest.com | July | 28 | 1991 | Medellín | 110111 | Colombia | Windows | Windows 10 | Spanish | Huawei | Mate 9 Pro | Android 9.0 (Pie) | Daniel.giraldo180 | Daniel.giraldo180 | [Daniel form user [Daniel clicks on BTN JOIN, Daniel enters 'daniel' into where do we write the first-name, Daniel enters 'giraldo' into where do we write the last-name, Daniel enters 'daniel@utest.com' into where do we write the email-address, Daniel select July on where do we write the month-birth, Daniel select 28 on where do we write the day-birth, Daniel select 1991 on where do we write the year of birth, Daniel clicks on button Next Location, Daniel enters 'Medellín' into where do we write the city, Daniel types 'ARROW_DOWN' in where do we write the city, Daniel types 'ENTER' in where do we write the city, Daniel enters '110111' into where do we write the postal-code, Daniel clicks on where do we write the country container, Daniel enters 'Colombia' into where do we write the country, Daniel clicks on button Next Location, Daniel clicks on OS container, Daniel enters 'Windows' into OS, Daniel types 'ARROW_DOWN' in OS, Daniel types 'ENTER' in OS, Daniel clicks on version OS container, Daniel enters 'Windows 10' into version OS, Daniel types 'ARROW_DOWN' in version OS, Daniel types 'ENTER' in version OS, Daniel clicks on language OS container, Daniel enters 'Spanish' into language OS, Daniel types 'ARROW_DOWN' in language OS, Daniel types 'ENTER' in language OS, Daniel clicks on your-mobile-device container, Daniel enters 'Huawei' into your-mobile-device, Daniel types 'ARROW_DOWN' in your-mobile-device, Daniel types 'ENTER' in your-mobile-device, Daniel clicks on model container, Daniel enters 'Mate 9 Pro' into model, Daniel types 'ARROW_DOWN' in model, Daniel types 'ENTER' in model, Daniel clicks on operating-system container, Daniel enters 'Android 9.0 (Pie)' into operating-system, Daniel types 'ARROW_DOWN' in operating-system, Daniel types 'ENTER' in operating-system, Daniel clicks on button NEXT_LAST_SETUP, Daniel enters 'Daniel.giraldo180' into where do we write the password, Daniel enters 'Daniel.giraldo180' into where do we write confirm  password, Daniel clicks on checkbox informed, Daniel clicks on checkbox terms of use, Daniel clicks on checkbox PRIVACY, Daniel clicks on Complete Setup]], Then he Know the functionalities of the uTest
| welcome |
| Welcome to the world's largest community of freelance software testers! | [Then answer]
[Test worker] WARN net.thucydides.core.steps.BaseStepListener - TestOutcomes: [Register in the uTest platform:Given than Daniel want to know the sities uTest [Daniel open up [Daniel opens the User testmy page]], When entering the data from the uTest registration form
| first_name | last_name | email_address | month_birth | day_birth | year_birth | city | postal_code | country | your_computer | version | language | your_mobile_device | model | operating_system | password | password_confirmation |
| daniel | giraldo | daniel@utest.com | July | 28 | 1991 | Medellín | 110111 | Colombia | Windows | Windows 10 | Spanish | Huawei | Mate 9 Pro | Android 9.0 (Pie) | Daniel.giraldo180 | Daniel.giraldo180 | [Daniel form user [Daniel clicks on BTN JOIN, Daniel enters 'daniel' into where do we write the first-name, Daniel enters 'giraldo' into where do we write the last-name, Daniel enters 'daniel@utest.com' into where do we write the email-address, Daniel select July on where do we write the month-birth, Daniel select 28 on where do we write the day-birth, Daniel select 1991 on where do we write the year of birth, Daniel clicks on button Next Location, Daniel enters 'Medellín' into where do we write the city, Daniel types 'ARROW_DOWN' in where do we write the city, Daniel types 'ENTER' in where do we write the city, Daniel enters '110111' into where do we write the postal-code, Daniel clicks on where do we write the country container, Daniel enters 'Colombia' into where do we write the country, Daniel clicks on button Next Location, Daniel clicks on OS container, Daniel enters 'Windows' into OS, Daniel types 'ARROW_DOWN' in OS, Daniel types 'ENTER' in OS, Daniel clicks on version OS container, Daniel enters 'Windows 10' into version OS, Daniel types 'ARROW_DOWN' in version OS, Daniel types 'ENTER' in version OS, Daniel clicks on language OS container, Daniel enters 'Spanish' into language OS, Daniel types 'ARROW_DOWN' in language OS, Daniel types 'ENTER' in language OS, Daniel clicks on your-mobile-device container, Daniel enters 'Huawei' into your-mobile-device, Daniel types 'ARROW_DOWN' in your-mobile-device, Daniel types 'ENTER' in your-mobile-device, Daniel clicks on model container, Daniel enters 'Mate 9 Pro' into model, Daniel types 'ARROW_DOWN' in model, Daniel types 'ENTER' in model, Daniel clicks on operating-system container, Daniel enters 'Android 9.0 (Pie)' into operating-system, Daniel types 'ARROW_DOWN' in operating-system, Daniel types 'ENTER' in operating-system, Daniel clicks on button NEXT_LAST_SETUP, Daniel enters 'Daniel.giraldo180' into where do we write the password, Daniel enters 'Daniel.giraldo180' into where do we write confirm  password, Daniel clicks on checkbox informed, Daniel clicks on checkbox terms of use, Daniel clicks on checkbox PRIVACY, Daniel clicks on Complete Setup]], Then he Know the functionalities of the uTest
| welcome |
| Welcome to the world's largest community of freelance software testers! | [Then answer]]
[Test worker] WARN net.thucydides.core.steps.BaseStepListener - Final testOutcomes: [Register in the uTest platform:Given than Daniel want to know the sities uTest [Daniel open up [Daniel opens the User testmy page]], When entering the data from the uTest registration form
| first_name | last_name | email_address | month_birth | day_birth | year_birth | city | postal_code | country | your_computer | version | language | your_mobile_device | model | operating_system | password | password_confirmation |
| daniel | giraldo | daniel@utest.com | July | 28 | 1991 | Medellín | 110111 | Colombia | Windows | Windows 10 | Spanish | Huawei | Mate 9 Pro | Android 9.0 (Pie) | Daniel.giraldo180 | Daniel.giraldo180 | [Daniel form user [Daniel clicks on BTN JOIN, Daniel enters 'daniel' into where do we write the first-name, Daniel enters 'giraldo' into where do we write the last-name, Daniel enters 'daniel@utest.com' into where do we write the email-address, Daniel select July on where do we write the month-birth, Daniel select 28 on where do we write the day-birth, Daniel select 1991 on where do we write the year of birth, Daniel clicks on button Next Location, Daniel enters 'Medellín' into where do we write the city, Daniel types 'ARROW_DOWN' in where do we write the city, Daniel types 'ENTER' in where do we write the city, Daniel enters '110111' into where do we write the postal-code, Daniel clicks on where do we write the country container, Daniel enters 'Colombia' into where do we write the country, Daniel clicks on button Next Location, Daniel clicks on OS container, Daniel enters 'Windows' into OS, Daniel types 'ARROW_DOWN' in OS, Daniel types 'ENTER' in OS, Daniel clicks on version OS container, Daniel enters 'Windows 10' into version OS, Daniel types 'ARROW_DOWN' in version OS, Daniel types 'ENTER' in version OS, Daniel clicks on language OS container, Daniel enters 'Spanish' into language OS, Daniel types 'ARROW_DOWN' in language OS, Daniel types 'ENTER' in language OS, Daniel clicks on your-mobile-device container, Daniel enters 'Huawei' into your-mobile-device, Daniel types 'ARROW_DOWN' in your-mobile-device, Daniel types 'ENTER' in your-mobile-device, Daniel clicks on model container, Daniel enters 'Mate 9 Pro' into model, Daniel types 'ARROW_DOWN' in model, Daniel types 'ENTER' in model, Daniel clicks on operating-system container, Daniel enters 'Android 9.0 (Pie)' into operating-system, Daniel types 'ARROW_DOWN' in operating-system, Daniel types 'ENTER' in operating-system, Daniel clicks on button NEXT_LAST_SETUP, Daniel enters 'Daniel.giraldo180' into where do we write the password, Daniel enters 'Daniel.giraldo180' into where do we write confirm  password, Daniel clicks on checkbox informed, Daniel clicks on checkbox terms of use, Daniel clicks on checkbox PRIVACY, Daniel clicks on Complete Setup]], Then he Know the functionalities of the uTest
| welcome |
| Welcome to the world's largest community of freelance software testers! | [Then answer]]
[Test worker] INFO net.thucydides.core.steps.ConsoleLoggingListener - 
        __    _____ _____ ____ _____   ____   _    ____  ____  _____ ____  
  _     \ \  |_   _| ____/ ___|_   _| |  _ \ / \  / ___|/ ___|| ____|  _ \ 
 (_)_____| |   | | |  _| \___ \ | |   | |_) / _ \ \___ \\___ \|  _| | | | |
  _|_____| |   | | | |___ ___) || |   |  __/ ___ \ ___) |___) | |___| |_| |
 (_)     | |   |_| |_____|____/ |_|   |_| /_/   \_\____/|____/|_____|____/ 
        /_/                                                                

TEST PASSED: Register in the uTest platform
----------------------------------------------------------------------------
]]></system-err>
</testsuite>
